
*** Running vivado
    with args -log design_1_wrapper.vds -m64 -product Vivado -mode batch -messageDb vivado.pb -notrace -source design_1_wrapper.tcl


****** Vivado v2020.1 (64-bit)
  **** SW Build 2902540 on Wed May 27 19:54:35 MDT 2020
  **** IP Build 2902112 on Wed May 27 22:43:36 MDT 2020
    ** Copyright 1986-2020 Xilinx, Inc. All Rights Reserved.

source design_1_wrapper.tcl -notrace
INFO: [IP_Flow 19-234] Refreshing IP repositories
INFO: [IP_Flow 19-1704] No user IP repositories specified
INFO: [IP_Flow 19-2313] Loaded Vivado IP repository '/tools/Xilinx/Vivado/2020.1/data/ip'.
Command: synth_design -top design_1_wrapper -part xc7z020clg400-1
Starting synth_design
Attempting to get a license for feature 'Synthesis' and/or device 'xc7z020'
INFO: [Common 17-349] Got license for feature 'Synthesis' and/or device 'xc7z020'
INFO: [Device 21-403] Loading part xc7z020clg400-1
INFO: [Synth 8-7079] Multithreading enabled for synth_design using a maximum of 4 processes.
INFO: [Synth 8-7078] Launching helper process for spawning children vivado processes
INFO: [Synth 8-7075] Helper process launched with PID 115462
---------------------------------------------------------------------------------
Starting RTL Elaboration : Time (s): cpu = 00:00:03 ; elapsed = 00:00:04 . Memory (MB): peak = 2163.305 ; gain = 0.000 ; free physical = 1095 ; free virtual = 13144
---------------------------------------------------------------------------------
INFO: [Synth 8-6157] synthesizing module 'design_1_wrapper' [/home/wiktoria/Documents/labs/cdd/lab2/lab2.srcs/sources_1/bd/design_1/hdl/design_1_wrapper.v:12]
INFO: [Synth 8-6157] synthesizing module 'design_1' [/home/wiktoria/Documents/labs/cdd/lab2/lab2.srcs/sources_1/bd/design_1/synth/design_1.v:13]
INFO: [Synth 8-6157] synthesizing module 'design_1_Debounce_Switch_0_0' [/home/wiktoria/Documents/labs/cdd/lab2/lab2.runs/synth_1/.Xil/Vivado-115369-tardis/realtime/design_1_Debounce_Switch_0_0_stub.v:6]
INFO: [Synth 8-6155] done synthesizing module 'design_1_Debounce_Switch_0_0' (1#1) [/home/wiktoria/Documents/labs/cdd/lab2/lab2.runs/synth_1/.Xil/Vivado-115369-tardis/realtime/design_1_Debounce_Switch_0_0_stub.v:6]
INFO: [Synth 8-6157] synthesizing module 'design_1_uart_top_0_0' [/home/wiktoria/Documents/labs/cdd/lab2/lab2.runs/synth_1/.Xil/Vivado-115369-tardis/realtime/design_1_uart_top_0_0_stub.v:6]
INFO: [Synth 8-6155] done synthesizing module 'design_1_uart_top_0_0' (2#1) [/home/wiktoria/Documents/labs/cdd/lab2/lab2.runs/synth_1/.Xil/Vivado-115369-tardis/realtime/design_1_uart_top_0_0_stub.v:6]
INFO: [Synth 8-6155] done synthesizing module 'design_1' (3#1) [/home/wiktoria/Documents/labs/cdd/lab2/lab2.srcs/sources_1/bd/design_1/synth/design_1.v:13]
INFO: [Synth 8-6155] done synthesizing module 'design_1_wrapper' (4#1) [/home/wiktoria/Documents/labs/cdd/lab2/lab2.srcs/sources_1/bd/design_1/hdl/design_1_wrapper.v:12]
---------------------------------------------------------------------------------
Finished RTL Elaboration : Time (s): cpu = 00:00:04 ; elapsed = 00:00:05 . Memory (MB): peak = 2163.305 ; gain = 0.000 ; free physical = 1179 ; free virtual = 13230
---------------------------------------------------------------------------------
---------------------------------------------------------------------------------
Start Handling Custom Attributes
---------------------------------------------------------------------------------
---------------------------------------------------------------------------------
Finished Handling Custom Attributes : Time (s): cpu = 00:00:04 ; elapsed = 00:00:05 . Memory (MB): peak = 2168.129 ; gain = 4.824 ; free physical = 1180 ; free virtual = 13231
---------------------------------------------------------------------------------
---------------------------------------------------------------------------------
Finished RTL Optimization Phase 1 : Time (s): cpu = 00:00:04 ; elapsed = 00:00:05 . Memory (MB): peak = 2168.129 ; gain = 4.824 ; free physical = 1180 ; free virtual = 13231
---------------------------------------------------------------------------------
Netlist sorting complete. Time (s): cpu = 00:00:00 ; elapsed = 00:00:00 . Memory (MB): peak = 2168.129 ; gain = 0.000 ; free physical = 1175 ; free virtual = 13226
INFO: [Project 1-570] Preparing netlist for logic optimization

Processing XDC Constraints
Initializing timing engine
Parsing XDC File [/home/wiktoria/Documents/labs/cdd/lab2/lab2.srcs/sources_1/bd/design_1/ip/design_1_Debounce_Switch_0_0/design_1_Debounce_Switch_0_0/design_1_Debounce_Switch_0_0_in_context.xdc] for cell 'design_1_i/Debounce_Switch_0'
Finished Parsing XDC File [/home/wiktoria/Documents/labs/cdd/lab2/lab2.srcs/sources_1/bd/design_1/ip/design_1_Debounce_Switch_0_0/design_1_Debounce_Switch_0_0/design_1_Debounce_Switch_0_0_in_context.xdc] for cell 'design_1_i/Debounce_Switch_0'
Parsing XDC File [/home/wiktoria/Documents/labs/cdd/lab2/lab2.srcs/sources_1/bd/design_1/ip/design_1_uart_top_0_0/design_1_uart_top_0_0/design_1_uart_top_0_0_in_context.xdc] for cell 'design_1_i/uart_top_0'
Finished Parsing XDC File [/home/wiktoria/Documents/labs/cdd/lab2/lab2.srcs/sources_1/bd/design_1/ip/design_1_uart_top_0_0/design_1_uart_top_0_0/design_1_uart_top_0_0_in_context.xdc] for cell 'design_1_i/uart_top_0'
Parsing XDC File [/home/wiktoria/Documents/labs/cdd/lab2/lab2.srcs/constrs_1/new/PYNQ-Z2v1.0.xdc]
Finished Parsing XDC File [/home/wiktoria/Documents/labs/cdd/lab2/lab2.srcs/constrs_1/new/PYNQ-Z2v1.0.xdc]
INFO: [Project 1-236] Implementation specific constraints were found while reading constraint file [/home/wiktoria/Documents/labs/cdd/lab2/lab2.srcs/constrs_1/new/PYNQ-Z2v1.0.xdc]. These constraints will be ignored for synthesis but will be used in implementation. Impacted constraints are listed in the file [.Xil/design_1_wrapper_propImpl.xdc].
Resolution: To avoid this warning, move constraints listed in [.Xil/design_1_wrapper_propImpl.xdc] to another XDC file and exclude this new file from synthesis with the used_in_synthesis property (File Properties dialog in GUI) and re-run elaboration/synthesis.
Parsing XDC File [/home/wiktoria/Documents/labs/cdd/lab2/lab2.runs/synth_1/dont_touch.xdc]
Finished Parsing XDC File [/home/wiktoria/Documents/labs/cdd/lab2/lab2.runs/synth_1/dont_touch.xdc]
Completed Processing XDC Constraints

Netlist sorting complete. Time (s): cpu = 00:00:00 ; elapsed = 00:00:00 . Memory (MB): peak = 2227.895 ; gain = 0.000 ; free physical = 1098 ; free virtual = 13151
INFO: [Project 1-111] Unisim Transformation Summary:
No Unisim elements were transformed.

Constraint Validation Runtime : Time (s): cpu = 00:00:00 ; elapsed = 00:00:00 . Memory (MB): peak = 2227.895 ; gain = 0.000 ; free physical = 1098 ; free virtual = 13151
---------------------------------------------------------------------------------
Finished Constraint Validation : Time (s): cpu = 00:00:08 ; elapsed = 00:00:11 . Memory (MB): peak = 2227.895 ; gain = 64.590 ; free physical = 1171 ; free virtual = 13224
---------------------------------------------------------------------------------
---------------------------------------------------------------------------------
Start Loading Part and Timing Information
---------------------------------------------------------------------------------
Loading part: xc7z020clg400-1
---------------------------------------------------------------------------------
Finished Loading Part and Timing Information : Time (s): cpu = 00:00:08 ; elapsed = 00:00:11 . Memory (MB): peak = 2227.895 ; gain = 64.590 ; free physical = 1171 ; free virtual = 13224
---------------------------------------------------------------------------------
---------------------------------------------------------------------------------
Start Applying 'set_property' XDC Constraints
---------------------------------------------------------------------------------
Applied set_property DONT_TOUCH = true for design_1_i. (constraint file  auto generated constraint, line ).
Applied set_property DONT_TOUCH = true for design_1_i/Debounce_Switch_0. (constraint file  auto generated constraint, line ).
Applied set_property DONT_TOUCH = true for design_1_i/uart_top_0. (constraint file  auto generated constraint, line ).
---------------------------------------------------------------------------------
Finished applying 'set_property' XDC Constraints : Time (s): cpu = 00:00:08 ; elapsed = 00:00:11 . Memory (MB): peak = 2227.895 ; gain = 64.590 ; free physical = 1171 ; free virtual = 13224
---------------------------------------------------------------------------------
---------------------------------------------------------------------------------
Finished RTL Optimization Phase 2 : Time (s): cpu = 00:00:08 ; elapsed = 00:00:11 . Memory (MB): peak = 2227.895 ; gain = 64.590 ; free physical = 1173 ; free virtual = 13227
---------------------------------------------------------------------------------
---------------------------------------------------------------------------------
Start RTL Component Statistics 
---------------------------------------------------------------------------------
Detailed RTL Component Info : 
---------------------------------------------------------------------------------
Finished RTL Component Statistics 
---------------------------------------------------------------------------------
---------------------------------------------------------------------------------
Start Part Resource Summary
---------------------------------------------------------------------------------
Part Resources:
DSPs: 220 (col length:60)
BRAMs: 280 (col length: RAMB18 60 RAMB36 30)
---------------------------------------------------------------------------------
Finished Part Resource Summary
---------------------------------------------------------------------------------
---------------------------------------------------------------------------------
Start Cross Boundary and Area Optimization
---------------------------------------------------------------------------------
---------------------------------------------------------------------------------
Finished Cross Boundary and Area Optimization : Time (s): cpu = 00:00:09 ; elapsed = 00:00:11 . Memory (MB): peak = 2227.895 ; gain = 64.590 ; free physical = 1165 ; free virtual = 13222
---------------------------------------------------------------------------------
---------------------------------------------------------------------------------
Start Applying XDC Timing Constraints
---------------------------------------------------------------------------------
---------------------------------------------------------------------------------
Finished Applying XDC Timing Constraints : Time (s): cpu = 00:00:13 ; elapsed = 00:00:16 . Memory (MB): peak = 2227.895 ; gain = 64.590 ; free physical = 1028 ; free virtual = 13092
---------------------------------------------------------------------------------
---------------------------------------------------------------------------------
Start Timing Optimization
---------------------------------------------------------------------------------
---------------------------------------------------------------------------------
Finished Timing Optimization : Time (s): cpu = 00:00:13 ; elapsed = 00:00:16 . Memory (MB): peak = 2227.895 ; gain = 64.590 ; free physical = 1028 ; free virtual = 13092
---------------------------------------------------------------------------------
---------------------------------------------------------------------------------
Start Technology Mapping
---------------------------------------------------------------------------------
---------------------------------------------------------------------------------
Finished Technology Mapping : Time (s): cpu = 00:00:13 ; elapsed = 00:00:16 . Memory (MB): peak = 2239.910 ; gain = 76.605 ; free physical = 1027 ; free virtual = 13092
---------------------------------------------------------------------------------
---------------------------------------------------------------------------------
Start IO Insertion
---------------------------------------------------------------------------------
---------------------------------------------------------------------------------
Start Flattening Before IO Insertion
---------------------------------------------------------------------------------
---------------------------------------------------------------------------------
Finished Flattening Before IO Insertion
---------------------------------------------------------------------------------
---------------------------------------------------------------------------------
Start Final Netlist Cleanup
---------------------------------------------------------------------------------
---------------------------------------------------------------------------------
Finished Final Netlist Cleanup
---------------------------------------------------------------------------------
---------------------------------------------------------------------------------
Finished IO Insertion : Time (s): cpu = 00:00:15 ; elapsed = 00:00:19 . Memory (MB): peak = 2245.848 ; gain = 82.543 ; free physical = 1027 ; free virtual = 13092
---------------------------------------------------------------------------------
---------------------------------------------------------------------------------
Start Renaming Generated Instances
---------------------------------------------------------------------------------
---------------------------------------------------------------------------------
Finished Renaming Generated Instances : Time (s): cpu = 00:00:15 ; elapsed = 00:00:19 . Memory (MB): peak = 2245.848 ; gain = 82.543 ; free physical = 1027 ; free virtual = 13092
---------------------------------------------------------------------------------
---------------------------------------------------------------------------------
Start Rebuilding User Hierarchy
---------------------------------------------------------------------------------
---------------------------------------------------------------------------------
Finished Rebuilding User Hierarchy : Time (s): cpu = 00:00:15 ; elapsed = 00:00:19 . Memory (MB): peak = 2245.848 ; gain = 82.543 ; free physical = 1027 ; free virtual = 13092
---------------------------------------------------------------------------------
---------------------------------------------------------------------------------
Start Renaming Generated Ports
---------------------------------------------------------------------------------
---------------------------------------------------------------------------------
Finished Renaming Generated Ports : Time (s): cpu = 00:00:15 ; elapsed = 00:00:19 . Memory (MB): peak = 2245.848 ; gain = 82.543 ; free physical = 1027 ; free virtual = 13092
---------------------------------------------------------------------------------
---------------------------------------------------------------------------------
Start Handling Custom Attributes
---------------------------------------------------------------------------------
---------------------------------------------------------------------------------
Finished Handling Custom Attributes : Time (s): cpu = 00:00:15 ; elapsed = 00:00:19 . Memory (MB): peak = 2245.848 ; gain = 82.543 ; free physical = 1027 ; free virtual = 13092
---------------------------------------------------------------------------------
---------------------------------------------------------------------------------
Start Renaming Generated Nets
---------------------------------------------------------------------------------
---------------------------------------------------------------------------------
Finished Renaming Generated Nets : Time (s): cpu = 00:00:15 ; elapsed = 00:00:19 . Memory (MB): peak = 2245.848 ; gain = 82.543 ; free physical = 1027 ; free virtual = 13092
---------------------------------------------------------------------------------
---------------------------------------------------------------------------------
Start Writing Synthesis Report
---------------------------------------------------------------------------------

Report BlackBoxes: 
+------+-----------------------------+----------+
|      |BlackBox name                |Instances |
+------+-----------------------------+----------+
|1     |design_1_Debounce_Switch_0_0 |         1|
|2     |design_1_uart_top_0_0        |         1|
+------+-----------------------------+----------+

Report Cell Usage: 
+------+---------------------------+------+
|      |Cell                       |Count |
+------+---------------------------+------+
|1     |design_1_Debounce_Switch_0 |     1|
|2     |design_1_uart_top_0        |     1|
|3     |IBUF                       |     3|
|4     |OBUF                       |     1|
+------+---------------------------+------+
---------------------------------------------------------------------------------
Finished Writing Synthesis Report : Time (s): cpu = 00:00:15 ; elapsed = 00:00:19 . Memory (MB): peak = 2245.848 ; gain = 82.543 ; free physical = 1027 ; free virtual = 13092
---------------------------------------------------------------------------------
Synthesis finished with 0 errors, 0 critical warnings and 0 warnings.
Synthesis Optimization Runtime : Time (s): cpu = 00:00:14 ; elapsed = 00:00:17 . Memory (MB): peak = 2245.848 ; gain = 22.777 ; free physical = 1082 ; free virtual = 13146
Synthesis Optimization Complete : Time (s): cpu = 00:00:15 ; elapsed = 00:00:19 . Memory (MB): peak = 2245.855 ; gain = 82.543 ; free physical = 1082 ; free virtual = 13146
INFO: [Project 1-571] Translating synthesized netlist
Netlist sorting complete. Time (s): cpu = 00:00:00 ; elapsed = 00:00:00 . Memory (MB): peak = 2245.855 ; gain = 0.000 ; free physical = 1149 ; free virtual = 13213
INFO: [Project 1-570] Preparing netlist for logic optimization
INFO: [Opt 31-138] Pushed 0 inverter(s) to 0 load pin(s).
Netlist sorting complete. Time (s): cpu = 00:00:00 ; elapsed = 00:00:00 . Memory (MB): peak = 2251.785 ; gain = 0.000 ; free physical = 1091 ; free virtual = 13156
INFO: [Project 1-111] Unisim Transformation Summary:
No Unisim elements were transformed.

INFO: [Common 17-83] Releasing license: Synthesis
24 Infos, 0 Warnings, 0 Critical Warnings and 0 Errors encountered.
synth_design completed successfully
synth_design: Time (s): cpu = 00:00:23 ; elapsed = 00:00:24 . Memory (MB): peak = 2251.785 ; gain = 88.480 ; free physical = 1217 ; free virtual = 13281
INFO: [Common 17-1381] The checkpoint '/home/wiktoria/Documents/labs/cdd/lab2/lab2.runs/synth_1/design_1_wrapper.dcp' has been generated.
INFO: [runtcl-4] Executing : report_utilization -file design_1_wrapper_utilization_synth.rpt -pb design_1_wrapper_utilization_synth.pb
INFO: [Common 17-206] Exiting Vivado at Sun Mar 24 22:45:47 2024...
