
*** Running vivado
    with args -log wrap_adder.vds -m64 -product Vivado -mode batch -messageDb vivado.pb -notrace -source wrap_adder.tcl


****** Vivado v2020.1 (64-bit)
  **** SW Build 2902540 on Wed May 27 19:54:35 MDT 2020
  **** IP Build 2902112 on Wed May 27 22:43:36 MDT 2020
    ** Copyright 1986-2020 Xilinx, Inc. All Rights Reserved.

source wrap_adder.tcl -notrace
Command: synth_design -top wrap_adder -part xc7z020clg400-1
Starting synth_design
Attempting to get a license for feature 'Synthesis' and/or device 'xc7z020'
INFO: [Common 17-349] Got license for feature 'Synthesis' and/or device 'xc7z020'
INFO: [Device 21-403] Loading part xc7z020clg400-1
INFO: [Synth 8-7079] Multithreading enabled for synth_design using a maximum of 4 processes.
INFO: [Synth 8-7078] Launching helper process for spawning children vivado processes
INFO: [Synth 8-7075] Helper process launched with PID 31722
---------------------------------------------------------------------------------
Starting RTL Elaboration : Time (s): cpu = 00:00:03 ; elapsed = 00:00:04 . Memory (MB): peak = 2101.180 ; gain = 0.000 ; free physical = 5296 ; free virtual = 14205
---------------------------------------------------------------------------------
INFO: [Synth 8-6157] synthesizing module 'wrap_adder' [/home/wiktoria/Documents/labs/cdd/lab1/lab1.srcs/sim_1/wrap_adder.v:1]
	Parameter ADDER_WIDTH bound to: 64 - type: integer 
	Parameter COUNTER_LENGTH bound to: 129 - type: integer 
INFO: [Synth 8-6157] synthesizing module 'ripple_carry_adder_Nb' [/home/wiktoria/Documents/labs/cdd/lab1/lab1.srcs/sources_1/new/ripple_carry_adder_Nb.v:3]
	Parameter ADDER_WIDTH bound to: 64 - type: integer 
INFO: [Synth 8-6157] synthesizing module 'full_adder' [/home/wiktoria/Documents/labs/cdd/lab1/lab1.srcs/sources_1/new/full_adder.v:3]
INFO: [Synth 8-6155] done synthesizing module 'full_adder' (1#1) [/home/wiktoria/Documents/labs/cdd/lab1/lab1.srcs/sources_1/new/full_adder.v:3]
INFO: [Synth 8-6155] done synthesizing module 'ripple_carry_adder_Nb' (2#1) [/home/wiktoria/Documents/labs/cdd/lab1/lab1.srcs/sources_1/new/ripple_carry_adder_Nb.v:3]
INFO: [Synth 8-6155] done synthesizing module 'wrap_adder' (3#1) [/home/wiktoria/Documents/labs/cdd/lab1/lab1.srcs/sim_1/wrap_adder.v:1]
---------------------------------------------------------------------------------
Finished RTL Elaboration : Time (s): cpu = 00:00:04 ; elapsed = 00:00:05 . Memory (MB): peak = 2112.203 ; gain = 11.023 ; free physical = 5374 ; free virtual = 14284
---------------------------------------------------------------------------------
---------------------------------------------------------------------------------
Start Handling Custom Attributes
---------------------------------------------------------------------------------
---------------------------------------------------------------------------------
Finished Handling Custom Attributes : Time (s): cpu = 00:00:05 ; elapsed = 00:00:06 . Memory (MB): peak = 2130.016 ; gain = 28.836 ; free physical = 5376 ; free virtual = 14288
---------------------------------------------------------------------------------
---------------------------------------------------------------------------------
Finished RTL Optimization Phase 1 : Time (s): cpu = 00:00:05 ; elapsed = 00:00:06 . Memory (MB): peak = 2130.016 ; gain = 28.836 ; free physical = 5376 ; free virtual = 14288
---------------------------------------------------------------------------------
Netlist sorting complete. Time (s): cpu = 00:00:00 ; elapsed = 00:00:00 . Memory (MB): peak = 2130.016 ; gain = 0.000 ; free physical = 5371 ; free virtual = 14283
INFO: [Project 1-570] Preparing netlist for logic optimization

Processing XDC Constraints
Initializing timing engine
Parsing XDC File [/home/wiktoria/Documents/labs/cdd/lab1/lab1.srcs/constrs_1/new/pynq-z2.xdc]
Finished Parsing XDC File [/home/wiktoria/Documents/labs/cdd/lab1/lab1.srcs/constrs_1/new/pynq-z2.xdc]
INFO: [Project 1-236] Implementation specific constraints were found while reading constraint file [/home/wiktoria/Documents/labs/cdd/lab1/lab1.srcs/constrs_1/new/pynq-z2.xdc]. These constraints will be ignored for synthesis but will be used in implementation. Impacted constraints are listed in the file [.Xil/wrap_adder_propImpl.xdc].
Resolution: To avoid this warning, move constraints listed in [.Xil/wrap_adder_propImpl.xdc] to another XDC file and exclude this new file from synthesis with the used_in_synthesis property (File Properties dialog in GUI) and re-run elaboration/synthesis.
Completed Processing XDC Constraints

Netlist sorting complete. Time (s): cpu = 00:00:00 ; elapsed = 00:00:00 . Memory (MB): peak = 2292.766 ; gain = 0.000 ; free physical = 5284 ; free virtual = 14193
INFO: [Project 1-111] Unisim Transformation Summary:
No Unisim elements were transformed.

Constraint Validation Runtime : Time (s): cpu = 00:00:00 ; elapsed = 00:00:00 . Memory (MB): peak = 2292.766 ; gain = 0.000 ; free physical = 5284 ; free virtual = 14193
---------------------------------------------------------------------------------
Finished Constraint Validation : Time (s): cpu = 00:00:09 ; elapsed = 00:00:11 . Memory (MB): peak = 2292.766 ; gain = 191.586 ; free physical = 5353 ; free virtual = 14265
---------------------------------------------------------------------------------
---------------------------------------------------------------------------------
Start Loading Part and Timing Information
---------------------------------------------------------------------------------
Loading part: xc7z020clg400-1
---------------------------------------------------------------------------------
Finished Loading Part and Timing Information : Time (s): cpu = 00:00:09 ; elapsed = 00:00:11 . Memory (MB): peak = 2292.766 ; gain = 191.586 ; free physical = 5353 ; free virtual = 14265
---------------------------------------------------------------------------------
---------------------------------------------------------------------------------
Start Applying 'set_property' XDC Constraints
---------------------------------------------------------------------------------
---------------------------------------------------------------------------------
Finished applying 'set_property' XDC Constraints : Time (s): cpu = 00:00:09 ; elapsed = 00:00:11 . Memory (MB): peak = 2292.766 ; gain = 191.586 ; free physical = 5353 ; free virtual = 14265
---------------------------------------------------------------------------------
---------------------------------------------------------------------------------
Finished RTL Optimization Phase 2 : Time (s): cpu = 00:00:09 ; elapsed = 00:00:12 . Memory (MB): peak = 2292.766 ; gain = 191.586 ; free physical = 5355 ; free virtual = 14268
---------------------------------------------------------------------------------
---------------------------------------------------------------------------------
Start RTL Component Statistics 
---------------------------------------------------------------------------------
Detailed RTL Component Info : 
+---XORs : 
	   2 Input      1 Bit         XORs := 128   
+---XORs : 
	               64 Bit    Wide XORs := 1     
+---Registers : 
	               64 Bit    Registers := 1     
	                1 Bit    Registers := 1     
---------------------------------------------------------------------------------
Finished RTL Component Statistics 
---------------------------------------------------------------------------------
---------------------------------------------------------------------------------
Start Part Resource Summary
---------------------------------------------------------------------------------
Part Resources:
DSPs: 220 (col length:60)
BRAMs: 280 (col length: RAMB18 60 RAMB36 30)
---------------------------------------------------------------------------------
Finished Part Resource Summary
---------------------------------------------------------------------------------
---------------------------------------------------------------------------------
Start Cross Boundary and Area Optimization
---------------------------------------------------------------------------------
---------------------------------------------------------------------------------
Finished Cross Boundary and Area Optimization : Time (s): cpu = 00:00:11 ; elapsed = 00:00:13 . Memory (MB): peak = 2292.766 ; gain = 191.586 ; free physical = 5340 ; free virtual = 14253
---------------------------------------------------------------------------------
---------------------------------------------------------------------------------
Start Applying XDC Timing Constraints
---------------------------------------------------------------------------------
---------------------------------------------------------------------------------
Finished Applying XDC Timing Constraints : Time (s): cpu = 00:00:15 ; elapsed = 00:00:19 . Memory (MB): peak = 2292.766 ; gain = 191.586 ; free physical = 5595 ; free virtual = 14426
---------------------------------------------------------------------------------
---------------------------------------------------------------------------------
Start Timing Optimization
---------------------------------------------------------------------------------
---------------------------------------------------------------------------------
Finished Timing Optimization : Time (s): cpu = 00:00:16 ; elapsed = 00:00:19 . Memory (MB): peak = 2292.766 ; gain = 191.586 ; free physical = 5586 ; free virtual = 14416
---------------------------------------------------------------------------------
---------------------------------------------------------------------------------
Start Technology Mapping
---------------------------------------------------------------------------------
---------------------------------------------------------------------------------
Finished Technology Mapping : Time (s): cpu = 00:00:16 ; elapsed = 00:00:19 . Memory (MB): peak = 2292.766 ; gain = 191.586 ; free physical = 5585 ; free virtual = 14416
---------------------------------------------------------------------------------
---------------------------------------------------------------------------------
Start IO Insertion
---------------------------------------------------------------------------------
---------------------------------------------------------------------------------
Start Flattening Before IO Insertion
---------------------------------------------------------------------------------
---------------------------------------------------------------------------------
Finished Flattening Before IO Insertion
---------------------------------------------------------------------------------
---------------------------------------------------------------------------------
Start Final Netlist Cleanup
---------------------------------------------------------------------------------
---------------------------------------------------------------------------------
Finished Final Netlist Cleanup
---------------------------------------------------------------------------------
---------------------------------------------------------------------------------
Finished IO Insertion : Time (s): cpu = 00:00:19 ; elapsed = 00:00:22 . Memory (MB): peak = 2292.766 ; gain = 191.586 ; free physical = 5836 ; free virtual = 14271
---------------------------------------------------------------------------------
---------------------------------------------------------------------------------
Start Renaming Generated Instances
---------------------------------------------------------------------------------
---------------------------------------------------------------------------------
Finished Renaming Generated Instances : Time (s): cpu = 00:00:19 ; elapsed = 00:00:22 . Memory (MB): peak = 2292.766 ; gain = 191.586 ; free physical = 5836 ; free virtual = 14271
---------------------------------------------------------------------------------
---------------------------------------------------------------------------------
Start Rebuilding User Hierarchy
---------------------------------------------------------------------------------
---------------------------------------------------------------------------------
Finished Rebuilding User Hierarchy : Time (s): cpu = 00:00:19 ; elapsed = 00:00:22 . Memory (MB): peak = 2292.766 ; gain = 191.586 ; free physical = 5850 ; free virtual = 14263
---------------------------------------------------------------------------------
---------------------------------------------------------------------------------
Start Renaming Generated Ports
---------------------------------------------------------------------------------
---------------------------------------------------------------------------------
Finished Renaming Generated Ports : Time (s): cpu = 00:00:19 ; elapsed = 00:00:22 . Memory (MB): peak = 2292.766 ; gain = 191.586 ; free physical = 5850 ; free virtual = 14263
---------------------------------------------------------------------------------
---------------------------------------------------------------------------------
Start Handling Custom Attributes
---------------------------------------------------------------------------------
---------------------------------------------------------------------------------
Finished Handling Custom Attributes : Time (s): cpu = 00:00:19 ; elapsed = 00:00:22 . Memory (MB): peak = 2292.766 ; gain = 191.586 ; free physical = 5850 ; free virtual = 14263
---------------------------------------------------------------------------------
---------------------------------------------------------------------------------
Start Renaming Generated Nets
---------------------------------------------------------------------------------
---------------------------------------------------------------------------------
Finished Renaming Generated Nets : Time (s): cpu = 00:00:19 ; elapsed = 00:00:22 . Memory (MB): peak = 2292.766 ; gain = 191.586 ; free physical = 5850 ; free virtual = 14263
---------------------------------------------------------------------------------
---------------------------------------------------------------------------------
Start Writing Synthesis Report
---------------------------------------------------------------------------------

Report BlackBoxes: 
+-+--------------+----------+
| |BlackBox name |Instances |
+-+--------------+----------+
+-+--------------+----------+

Report Cell Usage: 
+------+-------+------+
|      |Cell   |Count |
+------+-------+------+
|1     |BUFG   |     1|
|2     |CARRY4 |    33|
|3     |LUT1   |     1|
|4     |LUT2   |    25|
|5     |LUT3   |    26|
|6     |LUT5   |    87|
|7     |LUT6   |    36|
|8     |FDRE   |   194|
|9     |IBUF   |     2|
|10    |OBUF   |     2|
+------+-------+------+
---------------------------------------------------------------------------------
Finished Writing Synthesis Report : Time (s): cpu = 00:00:19 ; elapsed = 00:00:22 . Memory (MB): peak = 2292.766 ; gain = 191.586 ; free physical = 5850 ; free virtual = 14263
---------------------------------------------------------------------------------
Synthesis finished with 0 errors, 0 critical warnings and 0 warnings.
Synthesis Optimization Runtime : Time (s): cpu = 00:00:18 ; elapsed = 00:00:21 . Memory (MB): peak = 2292.766 ; gain = 28.836 ; free physical = 5881 ; free virtual = 14305
Synthesis Optimization Complete : Time (s): cpu = 00:00:19 ; elapsed = 00:00:22 . Memory (MB): peak = 2292.766 ; gain = 191.586 ; free physical = 5881 ; free virtual = 14304
INFO: [Project 1-571] Translating synthesized netlist
Netlist sorting complete. Time (s): cpu = 00:00:00 ; elapsed = 00:00:00 . Memory (MB): peak = 2292.766 ; gain = 0.000 ; free physical = 5874 ; free virtual = 14301
INFO: [Netlist 29-17] Analyzing 33 Unisim elements for replacement
INFO: [Netlist 29-28] Unisim Transformation completed in 0 CPU seconds
INFO: [Project 1-570] Preparing netlist for logic optimization
INFO: [Opt 31-138] Pushed 0 inverter(s) to 0 load pin(s).
Netlist sorting complete. Time (s): cpu = 00:00:00 ; elapsed = 00:00:00 . Memory (MB): peak = 2292.766 ; gain = 0.000 ; free physical = 6041 ; free virtual = 14486
INFO: [Project 1-111] Unisim Transformation Summary:
No Unisim elements were transformed.

INFO: [Common 17-83] Releasing license: Synthesis
21 Infos, 0 Warnings, 0 Critical Warnings and 0 Errors encountered.
synth_design completed successfully
synth_design: Time (s): cpu = 00:00:28 ; elapsed = 00:00:29 . Memory (MB): peak = 2292.766 ; gain = 191.586 ; free physical = 6168 ; free virtual = 14614
INFO: [Common 17-1381] The checkpoint '/home/wiktoria/Documents/labs/cdd/lab1/lab1.runs/synth_1/wrap_adder.dcp' has been generated.
INFO: [runtcl-4] Executing : report_utilization -file wrap_adder_utilization_synth.rpt -pb wrap_adder_utilization_synth.pb
INFO: [Common 17-206] Exiting Vivado at Mon Feb 26 12:37:34 2024...
