#
# An unexpected error has occurred (11)
#
Stack:
/tools/Xilinx/Vivado/2020.1/tps/lnx64/jre9.0.4/lib//server/libjvm.so(+0xb6aadb) [0x79d5d1d6aadb]
/tools/Xilinx/Vivado/2020.1/tps/lnx64/jre9.0.4/lib//server/libjvm.so(JVM_handle_linux_signal+0xbb) [0x79d5d1d6fe1b]
/tools/Xilinx/Vivado/2020.1/tps/lnx64/jre9.0.4/lib//server/libjvm.so(+0xb647b8) [0x79d5d1d647b8]
/usr/lib/x86_64-linux-gnu/libc.so.6(+0x42520) [0x79d62aa42520]
/tools/Xilinx/Vivado/2020.1/lib/lnx64.o/librdi_simbridge_kernel.so(SimBridge::CArray::empty() const+0) [0x79d5d9a57a00]
/tools/Xilinx/Vivado/2020.1/lib/lnx64.o/librdi_simbridge_kernel.so(SimBridge::WdbEventBlock::addBlock(SimBridge::WdbIBlockManager&, unsigned int&) const+0x1c) [0x79d5d9a580dc]
/tools/Xilinx/Vivado/2020.1/lib/lnx64.o/librdi_simbridge_kernel.so(SimBridge::WdbMultipleBucketEventDatabase::getEventBlockDatabaseIterator(std::vector<SimBridge::WdbScalarBTree*, std::allocator<SimBridge::WdbScalarBTree*> > const&, std::vector<boost::shared_ptr<SimBridge::WdbIEventBlockIterator>, std::allocator<boost::shared_ptr<SimBridge::WdbIEventBlockIterator> > >&, std::vector<std::vector<SimBridge::WdbScalarBTree*, std::allocator<SimBridge::WdbScalarBTree*> >, std::allocator<std::vector<SimBridge::WdbScalarBTree*, std::allocator<SimBridge::WdbScalarBTree*> > > >&) const+0x691) [0x79d5d9a72071]
/tools/Xilinx/Vivado/2020.1/lib/lnx64.o/librdi_simbridge_kernel.so(SimBridge::WdbAddressBTreeManager::scanWdbDatabaseMultiThread(std::vector<SimBridge::WdbScalarBTree*, std::allocator<SimBridge::WdbScalarBTree*> > const&, ISIM::IGuiStatus*)+0xf0) [0x79d5d9a4eee0]
/tools/Xilinx/Vivado/2020.1/lib/lnx64.o/librdi_wavedata.so(SimBridge::DataObjMgr::createDrawingBTree(std::vector<SimBridge::IDataObj const*, std::allocator<SimBridge::IDataObj const*> > const&, ISIM::IGuiStatus*, bool)+0x32a) [0x79d5e521f83a]
/tools/Xilinx/Vivado/2020.1/lib/lnx64.o/librdi_wavedata.so(SimBridge::DataReader::getTransitions(SimBridge::IDataObj const*, long long, long long, long long, SimBridge::ValueFormat const&, std::vector<SimBridge::Transition, std::allocator<SimBridge::Transition> >&) const+0x75) [0x79d5e522aed5]
/tools/Xilinx/Vivado/2020.1/lib/lnx64.o/librdi_wavedata.so(SG_Model::ModelImp::getTransitions(SimBridge::IDataObj const*, SG_Model::IDatabase*, long long, long long, long long, SimBridge::ValueFormat const&, bool, std::vector<SimBridge::Transition, std::allocator<SimBridge::Transition> >&) const+0xbd) [0x79d5e52d144d]
/tools/Xilinx/Vivado/2020.1/lib/lnx64.o/librdi_wavedata.so(SG_Model::Model::getTransitions(SG_Model::WVDataObject const*, long long, long long, long long, SimBridge::ValueFormat const&, bool, std::vector<SimBridge::Transition, std::allocator<SimBridge::Transition> >&) const+0x102) [0x79d5e52d17d2]
/tools/Xilinx/Vivado/2020.1/lib/lnx64.o/librdi_wavedata.so(+0x3031d2) [0x79d5e53031d2]
/tools/Xilinx/Vivado/2020.1/lib/lnx64.o/librdi_wavedata.so(SG_Model::WaveformRender::render(SG_Model::WVDataObject const&)+0x2ac) [0x79d5e52ff92c]
/tools/Xilinx/Vivado/2020.1/lib/lnx64.o/librdi_wavedata.so(WaveViewer::WVWaveformPanel::WaveformTraverser::drawWaveform(SG_Model::WVDataObject const*, int, int)+0x2eb) [0x79d5e537c5eb]
/tools/Xilinx/Vivado/2020.1/lib/lnx64.o/librdi_wavedata.so(WaveViewer::WVWaveformPanel::WaveformTraverser::handleItemSize(WaveViewer::WVNameValueTreeModel::ITraverseHandler::ItemSize const&)+0x4a) [0x79d5e537c8ca]
/tools/Xilinx/Vivado/2020.1/lib/lnx64.o/librdi_wavedata.so(WaveViewer::WVNameValueTreeModel::traverseYRange(SG_Model::WVDataObject const*, WaveViewer::WVNameValueTreeModel::ITraverseHandler&, int, int, int&, int&) const+0x268) [0x79d5e534e958]
/tools/Xilinx/Vivado/2020.1/lib/lnx64.o/librdi_wavedata.so(WaveViewer::WVNameValueTreeModel::traverseYRange(SG_Model::WVDataObject const*, WaveViewer::WVNameValueTreeModel::ITraverseHandler&, int, int, int&, int&) const+0x336) [0x79d5e534ea26]
/tools/Xilinx/Vivado/2020.1/lib/lnx64.o/librdi_wavedata.so(WaveViewer::WVNameValueTreeModel::traverseYRange(WaveViewer::WVNameValueTreeModel::ITraverseHandler&, int, int) const+0x57) [0x79d5e534fa37]
/tools/Xilinx/Vivado/2020.1/lib/lnx64.o/librdi_wavedata.so(WaveViewer::WVWaveformPanel::getGraphics(HDGDStringStream&, long&)+0x3c5) [0x79d5e537bae5]
/tools/Xilinx/Vivado/2020.1/lib/lnx64.o/librdi_wavedata.so(WVExecutiveImp::getGraphicsDataSize()+0x10a) [0x79d5e533ff8a]
/tools/Xilinx/Vivado/2020.1/lib/lnx64.o/librdi_wavedata.so(WVExecutive::getGraphicsDataSize()+0xf) [0x79d5e53404af]
/tools/Xilinx/Vivado/2020.1/lib/lnx64.o/librdi_wavedata.so(Java_ui_views_waveform_waveformi_WVExecutive_1getGraphicsDataSize+0x17) [0x79d5e5386da7]
[0x79d5b9a18db5]
